{
  "RSpec": {
    "coverage": {
      "C:/Users/yihe/Documents/GitHub/1d-final-project-summer-2024-sds-2024-team-13/backend/app/models/user.rb": {
        "lines": [
          1,
          1,
          1,
          13,
          1,
          1,
          1,
          1,
          1,
          1,
          null,
          null,
          1,
          1,
          12,
          12,
          12,
          12,
          null,
          null,
          null
        ]
      },
      "C:/Users/yihe/Documents/GitHub/1d-final-project-summer-2024-sds-2024-team-13/backend/app/models/application_record.rb": {
        "lines": [
          1,
          1,
          null
        ]
      },
      "C:/Users/yihe/Documents/GitHub/1d-final-project-summer-2024-sds-2024-team-13/backend/app/models/customer.rb": {
        "lines": [
          1,
          1,
          1,
          1,
          null,
          null,
          null,
          null,
          1,
          null,
          1,
          null,
          1,
          1,
          null,
          1,
          1,
          12,
          12,
          12,
          12,
          null,
          null,
          null,
          null
        ]
      },
      "C:/Users/yihe/Documents/GitHub/1d-final-project-summer-2024-sds-2024-team-13/backend/app/models/transaction.rb": {
        "lines": [
          1,
          1,
          1,
          1,
          null,
          1,
          1,
          null
        ]
      },
      "C:/Users/yihe/Documents/GitHub/1d-final-project-summer-2024-sds-2024-team-13/backend/app/controllers/users/transactions_controller.rb": {
        "lines": [
          1,
          1,
          1,
          1,
          null,
          null,
          1,
          1,
          1,
          null,
          null,
          null,
          null,
          1,
          1,
          1,
          null,
          null,
          null,
          null,
          1,
          6,
          42,
          null,
          6,
          3,
          3,
          null,
          null,
          null,
          null,
          3,
          3,
          1,
          1,
          null,
          null,
          2,
          2,
          null,
          2,
          2,
          null,
          null,
          null,
          null,
          1,
          null,
          1,
          12,
          12,
          12,
          2,
          null,
          null,
          null,
          1,
          3,
          null,
          null,
          null,
          1,
          41,
          null,
          null,
          null
        ]
      },
      "C:/Users/yihe/Documents/GitHub/1d-final-project-summer-2024-sds-2024-team-13/backend/app/controllers/application_controller.rb": {
        "lines": [
          1,
          13,
          null,
          1,
          null,
          1,
          2,
          null,
          null
        ]
      }
    },
    "timestamp": 1721932568
  }
}
