{
  "RSpec": {
    "coverage": {
      "C:/Users/yihe/Documents/GitHub/1d-final-project-summer-2024-sds-2024-team-13/backend/spec/helpers/customers_helper_spec.rb": {
        "lines": [
          1,
          null,
          null,
          null,
          null,
          null,
          null,
          null,
          null,
          null,
          null,
          null,
          1,
          null,
          null,
          null
        ]
      },
      "C:/Users/yihe/Documents/GitHub/1d-final-project-summer-2024-sds-2024-team-13/backend/spec/helpers/sessions_helper_spec.rb": {
        "lines": [
          1,
          null,
          null,
          null,
          null,
          null,
          null,
          null,
          null,
          null,
          null,
          null,
          1,
          null,
          null,
          null
        ]
      },
      "C:/Users/yihe/Documents/GitHub/1d-final-project-summer-2024-sds-2024-team-13/backend/spec/helpers/transactions_helper_spec.rb": {
        "lines": [
          1,
          null,
          null,
          null,
          null,
          null,
          null,
          null,
          null,
          null,
          null,
          null,
          1,
          null,
          null,
          null
        ]
      },
      "C:/Users/yihe/Documents/GitHub/1d-final-project-summer-2024-sds-2024-team-13/backend/spec/helpers/users_helper_spec.rb": {
        "lines": [
          1,
          null,
          null,
          null,
          null,
          null,
          null,
          null,
          null,
          null,
          null,
          null,
          1,
          null,
          null,
          null
        ]
      },
      "C:/Users/yihe/Documents/GitHub/1d-final-project-summer-2024-sds-2024-team-13/backend/spec/models/customer_spec.rb": {
        "lines": [
          1,
          null,
          1,
          1,
          1,
          1,
          null,
          null,
          null,
          null,
          null,
          1,
          null,
          null,
          1,
          1,
          1,
          null,
          null,
          1,
          1,
          1,
          null,
          null,
          1,
          1,
          1,
          null,
          null,
          1,
          1,
          1,
          null,
          null,
          null,
          1,
          1,
          1,
          null,
          null,
          null,
          null,
          1,
          null,
          null,
          null,
          1,
          2,
          null,
          null
        ]
      },
      "C:/Users/yihe/Documents/GitHub/1d-final-project-summer-2024-sds-2024-team-13/backend/app/models/customer.rb": {
        "lines": [
          1,
          1,
          1,
          1,
          1,
          null,
          1,
          1,
          25,
          25,
          25,
          25,
          null,
          null,
          null,
          null
        ]
      },
      "C:/Users/yihe/Documents/GitHub/1d-final-project-summer-2024-sds-2024-team-13/backend/app/models/application_record.rb": {
        "lines": [
          1,
          1,
          null
        ]
      },
      "C:/Users/yihe/Documents/GitHub/1d-final-project-summer-2024-sds-2024-team-13/backend/spec/models/transaction_spec.rb": {
        "lines": [
          1,
          null,
          1,
          1,
          2,
          null,
          null,
          1,
          3,
          2,
          null,
          1,
          1,
          1,
          1,
          null,
          null,
          1,
          1,
          1,
          1,
          null,
          null,
          null
        ]
      },
      "C:/Users/yihe/Documents/GitHub/1d-final-project-summer-2024-sds-2024-team-13/backend/app/models/transaction.rb": {
        "lines": [
          1,
          1,
          1,
          1,
          1,
          null,
          1,
          1,
          19,
          19,
          19,
          19,
          null,
          null,
          null,
          null
        ]
      },
      "C:/Users/yihe/Documents/GitHub/1d-final-project-summer-2024-sds-2024-team-13/backend/spec/models/user_spec.rb": {
        "lines": [
          1,
          null,
          1,
          null,
          2,
          null,
          null,
          2,
          null,
          null,
          1,
          1,
          1,
          1,
          1,
          1,
          1,
          1,
          null,
          null,
          1,
          1,
          1,
          1,
          1,
          1,
          null,
          null,
          null
        ]
      },
      "C:/Users/yihe/Documents/GitHub/1d-final-project-summer-2024-sds-2024-team-13/backend/app/models/user.rb": {
        "lines": [
          1,
          1,
          1,
          33,
          null,
          1,
          1,
          1,
          null,
          null,
          1,
          1,
          28,
          28,
          28,
          28,
          null,
          null,
          null
        ]
      },
      "C:/Users/yihe/Documents/GitHub/1d-final-project-summer-2024-sds-2024-team-13/backend/spec/requests/customer_transactions_spec.rb": {
        "lines": [
          1,
          null,
          1,
          7,
          7,
          7,
          null,
          1,
          1,
          1,
          1,
          1,
          null,
          null,
          null,
          1,
          1,
          1,
          1,
          1,
          null,
          null,
          null,
          1,
          1,
          3,
          null,
          1,
          1,
          1,
          null,
          null,
          null,
          1,
          1,
          0,
          0,
          0,
          null,
          null,
          null,
          1,
          3,
          null,
          1,
          1,
          1,
          null,
          null,
          null,
          1,
          1,
          0,
          null,
          null,
          null,
          null
        ]
      },
      "C:/Users/yihe/Documents/GitHub/1d-final-project-summer-2024-sds-2024-team-13/backend/spec/requests/customers_spec.rb": {
        "lines": [
          1,
          null,
          1,
          null,
          1,
          12,
          null,
          null,
          1,
          5,
          null,
          null,
          1,
          1,
          1,
          1,
          1,
          null,
          null,
          null,
          1,
          1,
          1,
          1,
          1,
          null,
          null,
          null,
          1,
          1,
          1,
          1,
          null,
          null,
          null,
          1,
          1,
          1,
          1,
          1,
          null,
          null,
          null,
          1,
          1,
          1,
          1,
          1,
          null,
          null,
          null,
          1,
          1,
          1,
          1,
          1,
          null,
          null,
          null,
          1,
          1,
          1,
          1,
          null,
          null,
          null,
          1,
          1,
          1,
          1,
          null,
          null,
          null,
          null,
          null,
          1,
          1,
          1,
          2,
          null,
          null,
          1,
          1,
          1,
          1,
          1,
          null,
          null,
          1,
          1,
          1,
          1,
          1,
          null,
          null,
          null,
          1,
          1,
          1,
          1,
          1,
          0,
          null,
          null,
          null,
          1,
          1,
          1,
          0,
          null,
          null,
          1,
          1,
          1,
          1,
          1,
          null,
          null,
          null,
          null,
          1,
          1,
          1,
          1,
          1,
          null,
          null,
          null,
          1,
          1,
          1,
          1,
          null,
          null,
          null
        ]
      },
      "C:/Users/yihe/Documents/GitHub/1d-final-project-summer-2024-sds-2024-team-13/backend/spec/requests/sessions_spec.rb": {
        "lines": [
          null,
          1,
          null,
          1,
          1,
          3,
          null,
          1,
          1,
          1,
          null,
          1,
          1,
          null,
          null,
          null,
          1,
          1,
          1,
          null,
          1,
          1,
          null,
          null,
          null,
          null
        ]
      },
      "C:/Users/yihe/Documents/GitHub/1d-final-project-summer-2024-sds-2024-team-13/backend/spec/requests/transactions_spec.rb": {
        "lines": [
          1,
          null,
          1,
          3,
          3,
          3,
          null,
          1,
          1,
          1,
          1,
          1,
          1,
          1,
          null,
          null,
          null,
          null,
          1,
          1,
          1,
          1,
          null,
          null,
          null,
          null,
          1,
          7,
          7,
          7,
          null,
          1,
          1,
          1,
          1,
          1,
          1,
          1,
          null,
          null,
          null,
          null,
          1,
          1,
          1,
          1,
          null,
          null,
          null,
          1,
          1,
          3,
          null,
          1,
          1,
          1,
          null,
          null,
          null,
          1,
          1,
          1,
          1,
          1,
          null,
          null,
          null,
          1,
          3,
          null,
          1,
          1,
          1,
          null,
          null,
          null,
          1,
          1,
          1,
          null,
          null,
          null,
          null
        ]
      },
      "C:/Users/yihe/Documents/GitHub/1d-final-project-summer-2024-sds-2024-team-13/backend/spec/requests/users_spec.rb": {
        "lines": [
          1,
          null,
          1,
          null,
          1,
          7,
          null,
          null,
          1,
          2,
          null,
          null,
          1,
          1,
          1,
          1,
          1,
          1,
          null,
          null,
          null,
          1,
          1,
          1,
          1,
          1,
          1,
          null,
          null,
          null,
          null,
          null,
          null,
          null,
          null,
          null,
          null,
          null,
          null,
          null,
          null,
          null,
          null,
          null,
          null,
          null,
          null,
          1,
          1,
          1,
          1,
          1,
          null,
          null,
          null,
          1,
          1,
          1,
          1,
          1,
          null,
          null,
          null,
          1,
          1,
          1,
          1,
          null,
          null,
          null,
          1,
          1,
          1,
          1,
          1,
          null,
          null,
          null,
          null,
          1,
          1,
          2,
          null,
          null,
          1,
          1,
          1,
          1,
          1,
          1,
          null,
          null,
          1,
          1,
          1,
          1,
          1,
          1,
          null,
          null,
          null,
          null,
          null,
          null,
          null,
          null,
          null,
          null,
          null,
          null,
          null,
          null,
          1,
          1,
          1,
          1,
          1,
          null,
          null,
          null,
          null
        ]
      },
      "C:/Users/yihe/Documents/GitHub/1d-final-project-summer-2024-sds-2024-team-13/backend/spec/routing/customers_routing_spec.rb": {
        "lines": [
          1,
          null,
          1,
          1,
          1,
          1,
          null,
          null,
          1,
          1,
          null,
          null,
          1,
          1,
          null,
          null,
          1,
          1,
          null,
          null,
          null,
          1,
          1,
          null,
          null,
          1,
          1,
          null,
          null,
          1,
          1,
          null,
          null,
          1,
          1,
          null,
          null,
          null
        ]
      },
      "C:/Users/yihe/Documents/GitHub/1d-final-project-summer-2024-sds-2024-team-13/backend/app/controllers/customers_controller.rb": {
        "lines": [
          1,
          1,
          null,
          null,
          1,
          1,
          null,
          null,
          null,
          1,
          null,
          null,
          null,
          1,
          1,
          null,
          null,
          null,
          1,
          null,
          null,
          null,
          1,
          4,
          null,
          4,
          4,
          4,
          null,
          4,
          null,
          null,
          null,
          null,
          null,
          1,
          5,
          5,
          3,
          3,
          null,
          5,
          4,
          null,
          null,
          null,
          null,
          null,
          1,
          2,
          null,
          2,
          4,
          2,
          null,
          null,
          null,
          1,
          null,
          1,
          9,
          null,
          null,
          null,
          1,
          9,
          null,
          null
        ]
      },
      "C:/Users/yihe/Documents/GitHub/1d-final-project-summer-2024-sds-2024-team-13/backend/app/controllers/application_controller.rb": {
        "lines": [
          1,
          35,
          null
        ]
      },
      "C:/Users/yihe/Documents/GitHub/1d-final-project-summer-2024-sds-2024-team-13/backend/spec/routing/transactions_routing_spec.rb": {
        "lines": [
          1,
          null,
          1,
          1,
          1,
          1,
          null,
          null,
          1,
          1,
          null,
          null,
          1,
          1,
          null,
          null,
          1,
          1,
          null,
          null,
          1,
          1,
          null,
          null,
          1,
          1,
          null,
          null,
          null,
          1,
          1,
          1,
          null,
          null,
          1,
          1,
          null,
          null,
          1,
          1,
          null,
          null,
          1,
          1,
          null,
          null,
          1,
          1,
          null,
          null,
          1,
          1,
          null,
          null,
          null
        ]
      },
      "C:/Users/yihe/Documents/GitHub/1d-final-project-summer-2024-sds-2024-team-13/backend/spec/routing/users_routing_spec.rb": {
        "lines": [
          1,
          null,
          1,
          1,
          1,
          1,
          null,
          null,
          1,
          1,
          null,
          null,
          1,
          1,
          null,
          null,
          1,
          1,
          null,
          null,
          null,
          1,
          1,
          null,
          null,
          1,
          1,
          null,
          null,
          1,
          1,
          null,
          null,
          1,
          1,
          null,
          null,
          null
        ]
      },
      "C:/Users/yihe/Documents/GitHub/1d-final-project-summer-2024-sds-2024-team-13/backend/app/controllers/users_controller.rb": {
        "lines": [
          1,
          1,
          null,
          null,
          1,
          1,
          1,
          null,
          null,
          null,
          1,
          1,
          null,
          null,
          null,
          1,
          0,
          null,
          null,
          null,
          1,
          0,
          0,
          null,
          0,
          null,
          null,
          null,
          null,
          1,
          4,
          4,
          2,
          2,
          null,
          2,
          null,
          null,
          null,
          null,
          1,
          2,
          2,
          null,
          0,
          null,
          null,
          null,
          null,
          1,
          1,
          1,
          null,
          null,
          1,
          null,
          null,
          1,
          4,
          null,
          null,
          null,
          1,
          6,
          null,
          null,
          1,
          0,
          null,
          null
        ]
      },
      "C:/Users/yihe/Documents/GitHub/1d-final-project-summer-2024-sds-2024-team-13/backend/spec/views/customers/edit.html.erb_spec.rb": {
        "lines": [
          1,
          null,
          1,
          1,
          1,
          null,
          null,
          null,
          null,
          null,
          null,
          1,
          1,
          null,
          null,
          1,
          0,
          null,
          0,
          null,
          0,
          null,
          0,
          null,
          0,
          null,
          null,
          null
        ]
      },
      "C:/Users/yihe/Documents/GitHub/1d-final-project-summer-2024-sds-2024-team-13/backend/spec/views/customers/index.html.erb_spec.rb": {
        "lines": [
          1,
          null,
          1,
          1,
          1,
          null,
          null,
          null,
          null,
          null,
          null,
          null,
          null,
          null,
          null,
          null,
          null,
          null,
          1,
          0,
          0,
          0,
          0,
          0,
          null,
          null
        ]
      },
      "C:/Users/yihe/Documents/GitHub/1d-final-project-summer-2024-sds-2024-team-13/backend/spec/views/customers/new.html.erb_spec.rb": {
        "lines": [
          1,
          null,
          1,
          1,
          1,
          null,
          null,
          null,
          null,
          null,
          null,
          1,
          1,
          null,
          1,
          null,
          1,
          null,
          1,
          null,
          1,
          null,
          null,
          null
        ]
      },
      "C:/Users/yihe/Documents/GitHub/1d-final-project-summer-2024-sds-2024-team-13/backend/spec/views/customers/show.html.erb_spec.rb": {
        "lines": [
          1,
          null,
          1,
          1,
          1,
          null,
          null,
          null,
          null,
          null,
          null,
          1,
          0,
          0,
          0,
          0,
          null,
          null
        ]
      },
      "C:/Users/yihe/Documents/GitHub/1d-final-project-summer-2024-sds-2024-team-13/backend/spec/views/transactions/edit.html.erb_spec.rb": {
        "lines": [
          1,
          null,
          1,
          1,
          0,
          null,
          null,
          null,
          null,
          null,
          null,
          null,
          null,
          1,
          0,
          null,
          null,
          null,
          null,
          null,
          null,
          null,
          null,
          null,
          null,
          null,
          null,
          null
        ]
      },
      "C:/Users/yihe/Documents/GitHub/1d-final-project-summer-2024-sds-2024-team-13/backend/spec/views/transactions/index.html.erb_spec.rb": {
        "lines": [
          1,
          null,
          1,
          1,
          0,
          null,
          null,
          null,
          null,
          null,
          null,
          null,
          null,
          null,
          null,
          null,
          null,
          null,
          null,
          null,
          null,
          null,
          null,
          null,
          null,
          null,
          null,
          null,
          null,
          null,
          null,
          null
        ]
      },
      "C:/Users/yihe/Documents/GitHub/1d-final-project-summer-2024-sds-2024-team-13/backend/spec/views/transactions/new.html.erb_spec.rb": {
        "lines": [
          1,
          null,
          1,
          1,
          0,
          null,
          null,
          null,
          null,
          null,
          null,
          null,
          null,
          null,
          null,
          null,
          null,
          null,
          null,
          null,
          null,
          null,
          null,
          null
        ]
      },
      "C:/Users/yihe/Documents/GitHub/1d-final-project-summer-2024-sds-2024-team-13/backend/spec/views/transactions/show.html.erb_spec.rb": {
        "lines": [
          1,
          null,
          1,
          1,
          0,
          null,
          null,
          null,
          null,
          null,
          null,
          null,
          null,
          null,
          null,
          null,
          null,
          null,
          null,
          null,
          null,
          null
        ]
      },
      "C:/Users/yihe/Documents/GitHub/1d-final-project-summer-2024-sds-2024-team-13/backend/spec/views/users/edit.html.erb_spec.rb": {
        "lines": [
          1,
          null,
          1,
          1,
          0,
          null,
          null,
          null,
          null,
          null,
          1,
          0,
          null,
          null,
          null,
          null,
          null,
          null,
          null,
          null,
          null,
          null
        ]
      },
      "C:/Users/yihe/Documents/GitHub/1d-final-project-summer-2024-sds-2024-team-13/backend/spec/views/users/index.html.erb_spec.rb": {
        "lines": [
          1,
          null,
          1,
          1,
          0,
          null,
          null,
          null,
          null,
          null,
          null,
          null,
          null,
          null,
          null,
          null,
          null,
          null,
          null,
          null,
          null,
          null,
          null
        ]
      },
      "C:/Users/yihe/Documents/GitHub/1d-final-project-summer-2024-sds-2024-team-13/backend/spec/views/users/new.html.erb_spec.rb": {
        "lines": [
          1,
          null,
          1,
          1,
          0,
          null,
          null,
          null,
          null,
          null,
          null,
          null,
          null,
          null,
          null,
          null,
          null,
          null
        ]
      },
      "C:/Users/yihe/Documents/GitHub/1d-final-project-summer-2024-sds-2024-team-13/backend/spec/views/users/show.html.erb_spec.rb": {
        "lines": [
          1,
          null,
          1,
          1,
          0,
          null,
          null,
          null,
          null,
          null,
          null,
          null,
          null,
          null,
          null,
          null
        ]
      },
      "C:/Users/yihe/Documents/GitHub/1d-final-project-summer-2024-sds-2024-team-13/backend/app/controllers/customers/transactions_controller.rb": {
        "lines": [
          1,
          1,
          1,
          null,
          null,
          1,
          2,
          2,
          null,
          null,
          null,
          1,
          2,
          2,
          null,
          null,
          1,
          null,
          1,
          4,
          null,
          null,
          null
        ]
      },
      "C:/Users/yihe/Documents/GitHub/1d-final-project-summer-2024-sds-2024-team-13/backend/app/controllers/sessions_controller.rb": {
        "lines": [
          1,
          1,
          null,
          null,
          1,
          2,
          null,
          2,
          1,
          1,
          null,
          1,
          null,
          null,
          null,
          1,
          null,
          1,
          1,
          null,
          null
        ]
      },
      "C:/Users/yihe/Documents/GitHub/1d-final-project-summer-2024-sds-2024-team-13/backend/app/controllers/users/transactions_controller.rb": {
        "lines": [
          1,
          1,
          1,
          1,
          null,
          null,
          1,
          1,
          1,
          null,
          0,
          null,
          null,
          null,
          null,
          1,
          1,
          1,
          null,
          0,
          null,
          null,
          null,
          null,
          1,
          4,
          4,
          2,
          2,
          null,
          null,
          2,
          null,
          2,
          2,
          null,
          0,
          null,
          null,
          null,
          1,
          null,
          1,
          6,
          6,
          6,
          0,
          null,
          null,
          null,
          1,
          1,
          1,
          1,
          0,
          null,
          null,
          null,
          1,
          6,
          null,
          null,
          null
        ]
      }
    },
    "timestamp": 1720685691
  }
}
